Arguments: 
  C:\Program Files\nodejs\node.exe C:\Users\xelox\AppData\Roaming\npm\node_modules\yarn\bin\yarn.js add webpack-cli -D

PATH: 
  C:\Users\xelox\cmder\bin;C:\Users\xelox\cmder\vendor\conemu-maximus5\ConEmu\Scripts;C:\Users\xelox\cmder\vendor\conemu-maximus5;C:\Users\xelox\cmder\vendor\conemu-maximus5\ConEmu;C:\Program Files\Docker\Docker\Resources\bin;C:\Perl64\site\bin;C:\Perl64\bin;C:\Program Files\Haste\bin;C:\Program Files\Haskell\bin;C:\Program Files\Haskell Platform\8.2.1\lib\extralibs\bin;C:\Program Files\Haskell Platform\8.2.1\bin;C:\ProgramData\Oracle\Java\javapath;C:\Program Files (x86)\Intel\iCLS Client\;C:\Program Files\Intel\iCLS Client\;C:\Windows\system32;C:\Windows;C:\Windows\System32\Wbem;C:\Windows\System32\WindowsPowerShell\v1.0\;C:\Program Files (x86)\NVIDIA Corporation\PhysX\Common;C:\Program Files (x86)\Intel\Intel(R) Management Engine Components\DAL;C:\Program Files\Intel\Intel(R) Management Engine Components\DAL;C:\Program Files (x86)\Intel\Intel(R) Management Engine Components\IPT;C:\Program Files\Intel\Intel(R) Management Engine Components\IPT;C:\ProgramData\chocolatey\bin;C:\Program Files\Haskell Platform\8.2.1\mingw\bin;C:\Program Files\nodejs\;C:\WINDOWS\system32;C:\WINDOWS;C:\WINDOWS\System32\Wbem;C:\WINDOWS\System32\WindowsPowerShell\v1.0\;C:\Program Files\dotnet\;C:\Go\bin;C:\Program Files\Git\cmd;C:\Program Files (x86)\GtkSharp\2.12\bin;C:\Program Files\CMake\bin;C:\WINDOWS\System32\OpenSSH\;C:\ProgramData\chocolatey\lib\Elixir/bin;C:\PostgreSQL\pg10\bin;C:\PostgreSQL\pg96\bin;C:\Ruby25-x64\bin;C:\Users\xelox\AppData\Roaming\local\bin;C:\Users\xelox\AppData\Local\Programs\Python\Python36-32\Scripts\;C:\Users\xelox\AppData\Local\Programs\Python\Python36-32\;C;C:\Users\xelox\AppData\Local\hyper\app-2.0.0\resources\bin;C:\Users\xelox\AppData\Roaming\npm;C:\Users\xelox\MongoDB\bin;C:\Users\xelox\emacs\bin;C:\MinGW\bin;C:\Users\xelox\cmder;C:\Program Files\Microsoft VS Code\;C:\Program Files\Microsoft VS Code\bin;C:\Program Files\Git\mingw64;C:\Program Files\Git\usr\bin

Yarn version: 
  1.7.0

Node version: 
  9.3.0

Platform: 
  win32 x64

Trace: 
  Error: EPERM: operation not permitted, unlink 'C:\Users\xelox\Projects\Node\true-blog\node_modules\bcrypt\lib\binding\bcrypt_lib.node'

npm manifest: 
  {
    "name": "true-blog",
    "version": "0.0.0",
    "private": true,
    "license": "CC4",
    "engines": {
      "node": "9.3.0",
      "npm": "5.8.0"
    },
    "scripts": {
      "dev": "SET DEBUG=true-blog:* & concurrently --kill-others \" mongod --dbpath C:\\Users\\xelox\\MongoDB\\data\\db \" \"nodemon --exec ts-node ./bin/www \" ",
      "start": "node ./app",
      "db": "mongod --dbpath C:\\Users\\xelox\\MongoDB\\data\\db",
      "server": "nodemon --exec ts-node ./app.ts --inspect -L",
      "webpack": "cross-env NODE_ENV=development webpack-dev-server --open --hot",
      "shadow": "tsc -p . -w",
      "_shadow": "tsc ./ShadowMS/index --target ES2016 --strict -w --pretty --module commonjs",
      "postinstall": "tsc ./app -t ES2015 -m commonjs"
    },
    "browserslist": [
      "> 1%",
      "last 2 versions",
      "not ie <= 8"
    ],
    "homepage": "http://localhost:3000",
    "dependencies": {
      "@types/node-sass-middleware": "0.0.30",
      "awesome-typescript-loader": "^5.0.0",
      "axios": "^0.18.0",
      "babel": "^6.23.0",
      "babel-core": "^6.26.3",
      "babel-loader": "^7.1.4",
      "babel-preset-env": "^1.7.0",
      "bcrypt": "^2.0.1",
      "body-parser": "~1.18.2",
      "compression": "^1.7.2",
      "concurrently": "^3.5.1",
      "cookie-parser": "^1.4.3",
      "debug": "~2.6.9",
      "dotenv": "^5.0.1",
      "express": "~4.15.5",
      "fs-extra": "^5.0.0",
      "markdown": "^0.5.0",
      "markdown-it": "^8.4.1",
      "markdown-it-footnote": "^3.0.1",
      "markdown-it-imsize": "^2.0.1",
      "markdown-splendor": "^1.0.1",
      "marked": "^0.3.18",
      "mdbreact": "^4.3.0",
      "mongoose": "^5.0.10",
      "mongoose-events": "^0.3.9",
      "morgan": "~1.9.0",
      "node-sass": "^4.8.3",
      "node-sass-middleware": "^0.11.0",
      "pug": "2.0.0-beta11",
      "pug-runtime": "^2.0.4",
      "vue": "^2.5.16",
      "serve-favicon": "~2.4.5",
      "stylus": "0.54.5",
      "ts-loader": "^4.3.0",
      "ts-node": "^5.0.1",
      "typescript": "^2.7.2",
      "webpack": "^4.8.2"
    },
    "devDependencies": {
      "@types/bcrypt": "^2.0.0",
      "@types/cookie-parser": "^1.4.1",
      "@types/dotenv": "^4.0.3",
      "@types/express": "^4.11.1",
      "@types/fs-extra": "^5.0.2",
      "@types/markdown-it": "0.0.4",
      "@types/marked": "^0.3.0",
      "@types/mongoose": "^5.0.10",
      "@types/morgan": "^1.7.35",
      "@types/pug": "^2.0.4",
      "@types/react": "^16.3.14",
      "@types/react-dom": "^16.0.5",
      "@types/react-router-dom": "^4.2.6",
      "@types/serve-favicon": "^2.2.30",
      "@types/stylus": "^0.48.29",
      "node-fetch": "^2.1.2",
      "webpack-cli": "^2.1.3",
      "babel-core": "^6.26.0",
      "babel-loader": "^7.1.2",
      "babel-preset-env": "^1.6.0",
      "babel-preset-stage-3": "^6.24.1",
      "cross-env": "^5.0.5",
      "css-loader": "^0.28.7",
      "file-loader": "^1.1.4",
      "node-sass": "^4.5.3",
      "sass-loader": "^6.0.6",
      "vue-loader": "^13.0.5",
      "vue-template-compiler": "^2.4.4",
      "webpack-dev-server": "^2.9.1"
    }
  }

yarn manifest: 
  No manifest

Lockfile: 
  No lockfile
